<?xml version="1.0" encoding="UTF-8"?>
<testng-results skipped="0" failed="0" total="1" passed="1">
  <reporter-output>
  </reporter-output>
  <suite name="Default suite" duration-ms="36557" started-at="2019-03-28T14:20:42Z" finished-at="2019-03-28T14:21:18Z">
    <groups>
    </groups>
    <test name="Default test" duration-ms="36557" started-at="2019-03-28T14:20:42Z" finished-at="2019-03-28T14:21:18Z">
      <class name="slate.seleniumappium.automation.slate.seleniumappium.automation.AppTest">
        <test-method status="PASS" signature="setup()[pri:0, instance:slate.seleniumappium.automation.slate.seleniumappium.automation.AppTest@57baeedf]" name="setup" is-config="true" duration-ms="6487" started-at="2019-03-28T22:20:42Z" finished-at="2019-03-28T22:20:48Z">
          <reporter-output>
          </reporter-output>
        </test-method> <!-- setup -->
        <test-method status="PASS" signature="SlateTask()[pri:0, instance:slate.seleniumappium.automation.slate.seleniumappium.automation.AppTest@57baeedf]" name="SlateTask" duration-ms="30055" started-at="2019-03-28T22:20:48Z" finished-at="2019-03-28T22:21:18Z">
          <reporter-output>
          </reporter-output>
        </test-method> <!-- SlateTask -->
      </class> <!-- slate.seleniumappium.automation.slate.seleniumappium.automation.AppTest -->
    </test> <!-- Default test -->
  </suite> <!-- Default suite -->
</testng-results>
